DEBUG requesthandler 2018-06-15 14:16:19,221 - Awaiting requests.
DEBUG urllib3.util.retry 2018-06-15 14:16:19,240 - Converted retries value: 3 -> Retry(total=3, connect=None, read=None, redirect=0, status=None)
DEBUG requesthandler 2018-06-15 14:16:19,253 - Routine check for 31417485
DEBUG urllib3.connectionpool 2018-06-15 14:16:19,253 - Starting new HTTPS connection (1): api.telegram.org
DEBUG root 2018-06-15 14:16:19,253 - Init Mack Access
DEBUG urllib3.connectionpool 2018-06-15 14:16:20,419 - https://api.telegram.org:443 "POST /bot463352607:AAF1hVBLHO5KuyEAecfl8YqgPmsgnGkPsZQ/getUpdates HTTP/1.1" 200 352
DEBUG requesthandler 2018-06-15 14:16:20,420 - 255566841 /help
DEBUG urllib3.util.retry 2018-06-15 14:16:20,420 - Converted retries value: 3 -> Retry(total=3, connect=None, read=None, redirect=0, status=None)
DEBUG urllib3.util.retry 2018-06-15 14:16:20,520 - Converted retries value: 3 -> Retry(total=3, connect=None, read=None, redirect=0, status=None)
DEBUG urllib3.connectionpool 2018-06-15 14:16:20,520 - Starting new HTTPS connection (2): api.telegram.org
DEBUG urllib3.connectionpool 2018-06-15 14:16:20,739 - https://api.telegram.org:443 "POST /bot463352607:AAF1hVBLHO5KuyEAecfl8YqgPmsgnGkPsZQ/sendMessage HTTP/1.1" 200 751
DEBUG requesthandler 2018-06-15 14:16:20,739 - Sent message: /show:             Mostrar <tarefas|horarios|notas>
 /add:               Sugira uma funcao
 /interval:         alterar intervalo entre checagem de tarefas
 /start:           Processo de autenticacao
 /fetch:           Descobrir novas postagens <tarefas|horarios|notas> to 255566841
DEBUG urllib3.connectionpool 2018-06-15 14:16:41,366 - https://api.telegram.org:443 "POST /bot463352607:AAF1hVBLHO5KuyEAecfl8YqgPmsgnGkPsZQ/getUpdates HTTP/1.1" 200 23
DEBUG urllib3.util.retry 2018-06-15 14:16:41,467 - Converted retries value: 3 -> Retry(total=3, connect=None, read=None, redirect=0, status=None)
DEBUG urllib3.connectionpool 2018-06-15 14:17:01,675 - https://api.telegram.org:443 "POST /bot463352607:AAF1hVBLHO5KuyEAecfl8YqgPmsgnGkPsZQ/getUpdates HTTP/1.1" 200 23
DEBUG urllib3.util.retry 2018-06-15 14:17:01,776 - Converted retries value: 3 -> Retry(total=3, connect=None, read=None, redirect=0, status=None)
DEBUG urllib3.connectionpool 2018-06-15 14:17:24,398 - https://api.telegram.org:443 "POST /bot463352607:AAF1hVBLHO5KuyEAecfl8YqgPmsgnGkPsZQ/getUpdates HTTP/1.1" 200 23
DEBUG urllib3.util.retry 2018-06-15 14:17:24,499 - Converted retries value: 3 -> Retry(total=3, connect=None, read=None, redirect=0, status=None)
DEBUG urllib3.connectionpool 2018-06-15 14:17:44,709 - https://api.telegram.org:443 "POST /bot463352607:AAF1hVBLHO5KuyEAecfl8YqgPmsgnGkPsZQ/getUpdates HTTP/1.1" 200 23
DEBUG urllib3.util.retry 2018-06-15 14:17:44,809 - Converted retries value: 3 -> Retry(total=3, connect=None, read=None, redirect=0, status=None)
DEBUG urllib3.connectionpool 2018-06-15 14:18:05,019 - https://api.telegram.org:443 "POST /bot463352607:AAF1hVBLHO5KuyEAecfl8YqgPmsgnGkPsZQ/getUpdates HTTP/1.1" 200 23
DEBUG urllib3.util.retry 2018-06-15 14:18:05,119 - Converted retries value: 3 -> Retry(total=3, connect=None, read=None, redirect=0, status=None)
DEBUG urllib3.connectionpool 2018-06-15 14:18:25,329 - https://api.telegram.org:443 "POST /bot463352607:AAF1hVBLHO5KuyEAecfl8YqgPmsgnGkPsZQ/getUpdates HTTP/1.1" 200 23
DEBUG urllib3.util.retry 2018-06-15 14:18:25,430 - Converted retries value: 3 -> Retry(total=3, connect=None, read=None, redirect=0, status=None)
DEBUG urllib3.connectionpool 2018-06-15 14:18:45,650 - https://api.telegram.org:443 "POST /bot463352607:AAF1hVBLHO5KuyEAecfl8YqgPmsgnGkPsZQ/getUpdates HTTP/1.1" 200 23
DEBUG urllib3.util.retry 2018-06-15 14:18:45,751 - Converted retries value: 3 -> Retry(total=3, connect=None, read=None, redirect=0, status=None)
DEBUG urllib3.connectionpool 2018-06-15 14:19:05,959 - https://api.telegram.org:443 "POST /bot463352607:AAF1hVBLHO5KuyEAecfl8YqgPmsgnGkPsZQ/getUpdates HTTP/1.1" 200 23
DEBUG urllib3.util.retry 2018-06-15 14:19:06,060 - Converted retries value: 3 -> Retry(total=3, connect=None, read=None, redirect=0, status=None)
DEBUG urllib3.connectionpool 2018-06-15 14:19:26,268 - https://api.telegram.org:443 "POST /bot463352607:AAF1hVBLHO5KuyEAecfl8YqgPmsgnGkPsZQ/getUpdates HTTP/1.1" 200 23
DEBUG urllib3.util.retry 2018-06-15 14:19:26,369 - Converted retries value: 3 -> Retry(total=3, connect=None, read=None, redirect=0, status=None)
DEBUG urllib3.connectionpool 2018-06-15 14:19:46,579 - https://api.telegram.org:443 "POST /bot463352607:AAF1hVBLHO5KuyEAecfl8YqgPmsgnGkPsZQ/getUpdates HTTP/1.1" 200 23
DEBUG urllib3.util.retry 2018-06-15 14:19:46,680 - Converted retries value: 3 -> Retry(total=3, connect=None, read=None, redirect=0, status=None)
DEBUG urllib3.connectionpool 2018-06-15 14:20:06,888 - https://api.telegram.org:443 "POST /bot463352607:AAF1hVBLHO5KuyEAecfl8YqgPmsgnGkPsZQ/getUpdates HTTP/1.1" 200 23
DEBUG urllib3.util.retry 2018-06-15 14:20:06,989 - Converted retries value: 3 -> Retry(total=3, connect=None, read=None, redirect=0, status=None)
DEBUG urllib3.connectionpool 2018-06-15 14:20:27,205 - https://api.telegram.org:443 "POST /bot463352607:AAF1hVBLHO5KuyEAecfl8YqgPmsgnGkPsZQ/getUpdates HTTP/1.1" 200 23
DEBUG urllib3.util.retry 2018-06-15 14:20:27,306 - Converted retries value: 3 -> Retry(total=3, connect=None, read=None, redirect=0, status=None)
DEBUG urllib3.connectionpool 2018-06-15 14:20:47,517 - https://api.telegram.org:443 "POST /bot463352607:AAF1hVBLHO5KuyEAecfl8YqgPmsgnGkPsZQ/getUpdates HTTP/1.1" 200 23
DEBUG urllib3.util.retry 2018-06-15 14:20:47,617 - Converted retries value: 3 -> Retry(total=3, connect=None, read=None, redirect=0, status=None)
